# JRE version: OpenJDK Runtime Environment (8.0_202-b03) (build 1.8.0_202-release-1483-b03)
# Java VM: OpenJDK 64-Bit Server VM (25.202-b03 mixed mode windows-amd64 compressed oops)
Heap:
 PSYoungGen      total 336384K, used 91175K [0x00000000e0000000, 0x00000000ff480000, 0x0000000100000000)
  eden space 329216K, 25% used [0x00000000e0000000,0x00000000e521c828,0x00000000f4180000)
  from space 7168K, 98% used [0x00000000f4e00000,0x00000000f54ed620,0x00000000f5500000)
  to   space 91648K, 0% used [0x00000000f9b00000,0x00000000f9b00000,0x00000000ff480000)
 ParOldGen       total 225792K, used 169444K [0x00000000a0000000, 0x00000000adc80000, 0x00000000e0000000)
  object space 225792K, 75% used [0x00000000a0000000,0x00000000aa5793b8,0x00000000adc80000)
 Metaspace       used 235997K, capacity 244240K, committed 244440K, reserved 1263616K
  class space    used 28014K, capacity 29570K, committed 29696K, reserved 1048576K
GC Heap History (10 events):
Event: 16525.555 GC heap before
{Heap before GC invocations=61 (full 6):
 PSYoungGen      total 428544K, used 350438K [0x00000000e0000000, 0x0000000100000000, 0x0000000100000000)
  eden space 343552K, 100% used [0x00000000e0000000,0x00000000f4f80000,0x00000000f4f80000)
  from space 84992K, 8% used [0x00000000fa400000,0x00000000faab9be0,0x00000000ff700000)
  to   space 86528K, 0% used [0x00000000f4f80000,0x00000000f4f80000,0x00000000fa400000)
 ParOldGen       total 225792K, used 145910K [0x00000000a0000000, 0x00000000adc80000, 0x00000000e0000000)
  object space 225792K, 64% used [0x00000000a0000000,0x00000000a8e7d960,0x00000000adc80000)
 Metaspace       used 219335K, capacity 226982K, committed 227288K, reserved 1249280K
  class space    used 26163K, capacity 27590K, committed 27648K, reserved 1048576K
Event: 16525.590 GC heap after
Heap after GC invocations=61 (full 6):
 PSYoungGen      total 430080K, used 21685K [0x00000000e0000000, 0x00000000ffc80000, 0x0000000100000000)
  eden space 343552K, 0% used [0x00000000e0000000,0x00000000e0000000,0x00000000f4f80000)
  from space 86528K, 25% used [0x00000000f4f80000,0x00000000f64ad708,0x00000000fa400000)
  to   space 83968K, 0% used [0x00000000faa80000,0x00000000faa80000,0x00000000ffc80000)
 ParOldGen       total 225792K, used 148145K [0x00000000a0000000, 0x00000000adc80000, 0x00000000e0000000)
  object space 225792K, 65% used [0x00000000a0000000,0x00000000a90ac700,0x00000000adc80000)
 Metaspace       used 219335K, capacity 226982K, committed 227288K, reserved 1249280K
  class space    used 26163K, capacity 27590K, committed 27648K, reserved 1048576K
}
Event: 16643.947 GC heap before
{Heap before GC invocations=62 (full 6):
 PSYoungGen      total 430080K, used 365237K [0x00000000e0000000, 0x00000000ffc80000, 0x0000000100000000)
  eden space 343552K, 100% used [0x00000000e0000000,0x00000000f4f80000,0x00000000f4f80000)
  from space 86528K, 25% used [0x00000000f4f80000,0x00000000f64ad708,0x00000000fa400000)
  to   space 83968K, 0% used [0x00000000faa80000,0x00000000faa80000,0x00000000ffc80000)
 ParOldGen       total 225792K, used 148145K [0x00000000a0000000, 0x00000000adc80000, 0x00000000e0000000)
  object space 225792K, 65% used [0x00000000a0000000,0x00000000a90ac700,0x00000000adc80000)
 Metaspace       used 219524K, capacity 227288K, committed 227672K, reserved 1249280K
  class space    used 26178K, capacity 27631K, committed 27776K, reserved 1048576K
Event: 16643.985 GC heap after
Heap after GC invocations=62 (full 6):
 PSYoungGen      total 385536K, used 28976K [0x00000000e0000000, 0x00000000fe000000, 0x0000000100000000)
  eden space 330752K, 0% used [0x00000000e0000000,0x00000000e0000000,0x00000000f4300000)
  from space 54784K, 52% used [0x00000000faa80000,0x00000000fc6cc070,0x00000000fe000000)
  to   space 80384K, 0% used [0x00000000f4300000,0x00000000f4300000,0x00000000f9180000)
 ParOldGen       total 225792K, used 152689K [0x00000000a0000000, 0x00000000adc80000, 0x00000000e0000000)
  object space 225792K, 67% used [0x00000000a0000000,0x00000000a951c528,0x00000000adc80000)
 Metaspace       used 219524K, capacity 227288K, committed 227672K, reserved 1249280K
  class space    used 26178K, capacity 27631K, committed 27776K, reserved 1048576K
}
Event: 16647.745 GC heap before
{Heap before GC invocations=63 (full 6):
 PSYoungGen      total 385536K, used 359728K [0x00000000e0000000, 0x00000000fe000000, 0x0000000100000000)
  eden space 330752K, 100% used [0x00000000e0000000,0x00000000f4300000,0x00000000f4300000)
  from space 54784K, 52% used [0x00000000faa80000,0x00000000fc6cc070,0x00000000fe000000)
  to   space 80384K, 0% used [0x00000000f4300000,0x00000000f4300000,0x00000000f9180000)
 ParOldGen       total 225792K, used 152689K [0x00000000a0000000, 0x00000000adc80000, 0x00000000e0000000)
  object space 225792K, 67% used [0x00000000a0000000,0x00000000a951c528,0x00000000adc80000)
 Metaspace       used 225896K, capacity 233634K, committed 233944K, reserved 1255424K
  class space    used 26891K, capacity 28336K, committed 28416K, reserved 1048576K
Event: 16647.818 GC heap after
Heap after GC invocations=63 (full 6):
 PSYoungGen      total 411136K, used 54723K [0x00000000e0000000, 0x0000000100000000, 0x0000000100000000)
  eden space 330752K, 0% used [0x00000000e0000000,0x00000000e0000000,0x00000000f4300000)
  from space 80384K, 68% used [0x00000000f4300000,0x00000000f7870d98,0x00000000f9180000)
  to   space 83456K, 0% used [0x00000000fae80000,0x00000000fae80000,0x0000000100000000)
 ParOldGen       total 225792K, used 162058K [0x00000000a0000000, 0x00000000adc80000, 0x00000000e0000000)
  object space 225792K, 71% used [0x00000000a0000000,0x00000000a9e428f8,0x00000000adc80000)
 Metaspace       used 225896K, capacity 233634K, committed 233944K, reserved 1255424K
  class space    used 26891K, capacity 28336K, committed 28416K, reserved 1048576K
}
Event: 16692.724 GC heap before
{Heap before GC invocations=64 (full 6):
 PSYoungGen      total 411136K, used 385475K [0x00000000e0000000, 0x0000000100000000, 0x0000000100000000)
  eden space 330752K, 100% used [0x00000000e0000000,0x00000000f4300000,0x00000000f4300000)
  from space 80384K, 68% used [0x00000000f4300000,0x00000000f7870d98,0x00000000f9180000)
  to   space 83456K, 0% used [0x00000000fae80000,0x00000000fae80000,0x0000000100000000)
 ParOldGen       total 225792K, used 162058K [0x00000000a0000000, 0x00000000adc80000, 0x00000000e0000000)
  object space 225792K, 71% used [0x00000000a0000000,0x00000000a9e428f8,0x00000000adc80000)
 Metaspace       used 232436K, capacity 240146K, committed 240600K, reserved 1261568K
  class space    used 27617K, capacity 29080K, committed 29184K, reserved 1048576K
Event: 16692.814 GC heap after
Heap after GC invocations=64 (full 6):
 PSYoungGen      total 425472K, used 71097K [0x00000000e0000000, 0x0000000100000000, 0x0000000100000000)
  eden space 342016K, 0% used [0x00000000e0000000,0x00000000e0000000,0x00000000f4e00000)
  from space 83456K, 85% used [0x00000000fae80000,0x00000000ff3ee670,0x0000000100000000)
  to   space 91136K, 0% used [0x00000000f4e00000,0x00000000f4e00000,0x00000000fa700000)
 ParOldGen       total 225792K, used 163892K [0x00000000a0000000, 0x00000000adc80000, 0x00000000e0000000)
  object space 225792K, 72% used [0x00000000a0000000,0x00000000aa00d0b8,0x00000000adc80000)
 Metaspace       used 232436K, capacity 240146K, committed 240600K, reserved 1261568K
  class space    used 27617K, capacity 29080K, committed 29184K, reserved 1048576K
}
Event: 21189.887 GC heap before
{Heap before GC invocations=65 (full 6):
 PSYoungGen      total 425472K, used 413113K [0x00000000e0000000, 0x0000000100000000, 0x0000000100000000)
  eden space 342016K, 100% used [0x00000000e0000000,0x00000000f4e00000,0x00000000f4e00000)
  from space 83456K, 85% used [0x00000000fae80000,0x00000000ff3ee670,0x0000000100000000)
  to   space 91136K, 0% used [0x00000000f4e00000,0x00000000f4e00000,0x00000000fa700000)
 ParOldGen       total 225792K, used 163892K [0x00000000a0000000, 0x00000000adc80000, 0x00000000e0000000)
  object space 225792K, 72% used [0x00000000a0000000,0x00000000aa00d0b8,0x00000000adc80000)
 Metaspace       used 235447K, capacity 243584K, committed 243672K, reserved 1263616K
  class space    used 27932K, capacity 29406K, committed 29440K, reserved 1048576K
Event: 21190.021 GC heap after
Heap after GC invocations=65 (full 6):
 PSYoungGen      total 336384K, used 7093K [0x00000000e0000000, 0x00000000ff480000, 0x0000000100000000)
  eden space 329216K, 0% used [0x00000000e0000000,0x00000000e0000000,0x00000000f4180000)
  from space 7168K, 98% used [0x00000000f4e00000,0x00000000f54ed620,0x00000000f5500000)
  to   space 91648K, 0% used [0x00000000f9b00000,0x00000000f9b00000,0x00000000ff480000)
 ParOldGen       total 225792K, used 169444K [0x00000000a0000000, 0x00000000adc80000, 0x00000000e0000000)
  object space 225792K, 75% used [0x00000000a0000000,0x00000000aa5793b8,0x00000000adc80000)
 Metaspace       used 235447K, capacity 243584K, committed 243672K, reserved 1263616K
  class space    used 27932K, capacity 29406K, committed 29440K, reserved 1048576K
}

